<?xml version="1.0" encoding="UTF-8"?>
<!-- Generated by org.testng.reporters.JUnitReportReporter -->
<testsuite skipped="0" hostname="Milins-MacBook-Pro.local" name="com.inetbanking.testCases.TC_LoginTest_001" tests="1" failures="0" timestamp="10 Mar 2019 17:45:03 GMT" time="0.986" errors="0">
  <testcase name="loginTest" time="0.986" classname="com.inetbanking.testCases.TC_LoginTest_001"/>
</testsuite> <!-- com.inetbanking.testCases.TC_LoginTest_001 -->
